<?xml version="1.0" encoding="UTF-8"?>
<testsuite name="com.group.libraryapp.service.book.BookServiceTest" tests="4" skipped="0" failures="0" errors="0" timestamp="2023-08-20T15:20:41" hostname="BI-2308005-01" time="0.214">
  <properties/>
  <testcase name="책 대출이 정상 동작한다" classname="com.group.libraryapp.service.book.BookServiceTest" time="0.177"/>
  <testcase name="책이 이미 대출되어 있다면, 신규 대출이 실패한다." classname="com.group.libraryapp.service.book.BookServiceTest" time="0.013"/>
  <testcase name="책 반납이 정상 동작한다" classname="com.group.libraryapp.service.book.BookServiceTest" time="0.017"/>
  <testcase name="책 등록이 정상 동작한다" classname="com.group.libraryapp.service.book.BookServiceTest" time="0.005"/>
  <system-out><![CDATA[2023-08-21 00:20:41.151  INFO 98412 --- [    Test worker] .b.t.c.SpringBootTestContextBootstrapper : Neither @ContextConfiguration nor @ContextHierarchy found for test class [com.group.libraryapp.service.book.BookServiceTest], using SpringBootContextLoader
2023-08-21 00:20:41.151  INFO 98412 --- [    Test worker] o.s.t.c.support.AbstractContextLoader    : Could not detect default resource locations for test class [com.group.libraryapp.service.book.BookServiceTest]: no resource found for suffixes {-context.xml, Context.groovy}.
2023-08-21 00:20:41.151  INFO 98412 --- [    Test worker] t.c.s.AnnotationConfigContextLoaderUtils : Could not detect default configuration classes for test class [com.group.libraryapp.service.book.BookServiceTest]: BookServiceTest does not declare any static, non-private, non-final, nested classes annotated with @Configuration.
2023-08-21 00:20:41.160  INFO 98412 --- [    Test worker] .b.t.c.SpringBootTestContextBootstrapper : Found @SpringBootConfiguration com.group.libraryapp.LibraryAppApplication for test class com.group.libraryapp.service.book.BookServiceTest
2023-08-21 00:20:41.161  INFO 98412 --- [    Test worker] .b.t.c.SpringBootTestContextBootstrapper : Loaded default TestExecutionListener class names from location [META-INF/spring.factories]: [org.springframework.boot.test.autoconfigure.restdocs.RestDocsTestExecutionListener, org.springframework.boot.test.autoconfigure.web.client.MockRestServiceServerResetTestExecutionListener, org.springframework.boot.test.autoconfigure.web.servlet.MockMvcPrintOnlyOnFailureTestExecutionListener, org.springframework.boot.test.autoconfigure.web.servlet.WebDriverTestExecutionListener, org.springframework.boot.test.autoconfigure.webservices.client.MockWebServiceServerTestExecutionListener, org.springframework.boot.test.mock.mockito.MockitoTestExecutionListener, org.springframework.boot.test.mock.mockito.ResetMocksTestExecutionListener, org.springframework.test.context.web.ServletTestExecutionListener, org.springframework.test.context.support.DirtiesContextBeforeModesTestExecutionListener, org.springframework.test.context.event.ApplicationEventsTestExecutionListener, org.springframework.test.context.support.DependencyInjectionTestExecutionListener, org.springframework.test.context.support.DirtiesContextTestExecutionListener, org.springframework.test.context.transaction.TransactionalTestExecutionListener, org.springframework.test.context.jdbc.SqlScriptsTestExecutionListener, org.springframework.test.context.event.EventPublishingTestExecutionListener]
2023-08-21 00:20:41.161  INFO 98412 --- [    Test worker] .b.t.c.SpringBootTestContextBootstrapper : Using TestExecutionListeners: [org.springframework.test.context.web.ServletTestExecutionListener@280f061e, org.springframework.test.context.support.DirtiesContextBeforeModesTestExecutionListener@7d7888a5, org.springframework.test.context.event.ApplicationEventsTestExecutionListener@6dcdc378, org.springframework.boot.test.mock.mockito.MockitoTestExecutionListener@4accc3de, org.springframework.boot.test.autoconfigure.SpringBootDependencyInjectionTestExecutionListener@1a23136f, org.springframework.test.context.support.DirtiesContextTestExecutionListener@23a78d2e, org.springframework.test.context.transaction.TransactionalTestExecutionListener@20724c21, org.springframework.test.context.jdbc.SqlScriptsTestExecutionListener@c0cb9c2, org.springframework.test.context.event.EventPublishingTestExecutionListener@eb66b47, org.springframework.boot.test.autoconfigure.restdocs.RestDocsTestExecutionListener@11e75942, org.springframework.boot.test.autoconfigure.web.client.MockRestServiceServerResetTestExecutionListener@23c61c1b, org.springframework.boot.test.autoconfigure.web.servlet.MockMvcPrintOnlyOnFailureTestExecutionListener@4a6d6308, org.springframework.boot.test.autoconfigure.web.servlet.WebDriverTestExecutionListener@773cc551, org.springframework.boot.test.autoconfigure.webservices.client.MockWebServiceServerTestExecutionListener@5cbaafbd, org.springframework.boot.test.mock.mockito.ResetMocksTestExecutionListener@4f0f56f5]
Hibernate: 
    insert 
    into
        book
        (id, name, type) 
    values
        (default, ?, ?)
Hibernate: 
    insert 
    into
        user
        (id, age, name) 
    values
        (default, ?, ?)
Hibernate: 
    select
        book0_.id as id1_0_,
        book0_.name as name2_0_,
        book0_.type as type3_0_ 
    from
        book book0_ 
    where
        book0_.name=?
Hibernate: 
    select
        userloadhi0_.id as id1_2_,
        userloadhi0_.book_name as book_nam2_2_,
        userloadhi0_.status as status3_2_,
        userloadhi0_.user_id as user_id4_2_ 
    from
        user_load_history userloadhi0_ 
    where
        userloadhi0_.book_name=? 
        and userloadhi0_.status=?
Hibernate: 
    select
        user0_.id as id1_1_,
        user0_.age as age2_1_,
        user0_.name as name3_1_ 
    from
        user user0_ 
    where
        user0_.name=?
Hibernate: 
    insert 
    into
        user_load_history
        (id, book_name, status, user_id) 
    values
        (default, ?, ?, ?)
Hibernate: 
    select
        userloadhi0_.id as id1_2_,
        userloadhi0_.book_name as book_nam2_2_,
        userloadhi0_.status as status3_2_,
        userloadhi0_.user_id as user_id4_2_ 
    from
        user_load_history userloadhi0_
Hibernate: 
    select
        user0_.id as id1_1_0_,
        user0_.age as age2_1_0_,
        user0_.name as name3_1_0_ 
    from
        user user0_ 
    where
        user0_.id=?
Hibernate: 
    delete 
    from
        book
Hibernate: 
    delete 
    from
        user_load_history
Hibernate: 
    delete 
    from
        user
Hibernate: 
    insert 
    into
        book
        (id, name, type) 
    values
        (default, ?, ?)
Hibernate: 
    insert 
    into
        user
        (id, age, name) 
    values
        (default, ?, ?)
Hibernate: 
    insert 
    into
        user_load_history
        (id, book_name, status, user_id) 
    values
        (default, ?, ?, ?)
Hibernate: 
    select
        book0_.id as id1_0_,
        book0_.name as name2_0_,
        book0_.type as type3_0_ 
    from
        book book0_ 
    where
        book0_.name=?
Hibernate: 
    select
        userloadhi0_.id as id1_2_,
        userloadhi0_.book_name as book_nam2_2_,
        userloadhi0_.status as status3_2_,
        userloadhi0_.user_id as user_id4_2_ 
    from
        user_load_history userloadhi0_ 
    where
        userloadhi0_.book_name=? 
        and userloadhi0_.status=?
Hibernate: 
    select
        user0_.id as id1_1_0_,
        user0_.age as age2_1_0_,
        user0_.name as name3_1_0_ 
    from
        user user0_ 
    where
        user0_.id=?
Hibernate: 
    delete 
    from
        book
Hibernate: 
    delete 
    from
        user_load_history
Hibernate: 
    delete 
    from
        user
Hibernate: 
    insert 
    into
        book
        (id, name, type) 
    values
        (default, ?, ?)
Hibernate: 
    insert 
    into
        user
        (id, age, name) 
    values
        (default, ?, ?)
Hibernate: 
    insert 
    into
        user_load_history
        (id, book_name, status, user_id) 
    values
        (default, ?, ?, ?)
Hibernate: 
    select
        user0_.id as id1_1_,
        user0_.age as age2_1_,
        user0_.name as name3_1_ 
    from
        user user0_ 
    where
        user0_.name=?
Hibernate: 
    select
        userloanhi0_.user_id as user_id4_2_0_,
        userloanhi0_.id as id1_2_0_,
        userloanhi0_.id as id1_2_1_,
        userloanhi0_.book_name as book_nam2_2_1_,
        userloanhi0_.status as status3_2_1_,
        userloanhi0_.user_id as user_id4_2_1_ 
    from
        user_load_history userloanhi0_ 
    where
        userloanhi0_.user_id=?
Hibernate: 
    update
        user_load_history 
    set
        book_name=?,
        status=?,
        user_id=? 
    where
        id=?
Hibernate: 
    select
        userloadhi0_.id as id1_2_,
        userloadhi0_.book_name as book_nam2_2_,
        userloadhi0_.status as status3_2_,
        userloadhi0_.user_id as user_id4_2_ 
    from
        user_load_history userloadhi0_
Hibernate: 
    select
        user0_.id as id1_1_0_,
        user0_.age as age2_1_0_,
        user0_.name as name3_1_0_ 
    from
        user user0_ 
    where
        user0_.id=?
Hibernate: 
    delete 
    from
        book
Hibernate: 
    delete 
    from
        user_load_history
Hibernate: 
    delete 
    from
        user
Hibernate: 
    insert 
    into
        book
        (id, name, type) 
    values
        (default, ?, ?)
Hibernate: 
    select
        book0_.id as id1_0_,
        book0_.name as name2_0_,
        book0_.type as type3_0_ 
    from
        book book0_
Hibernate: 
    delete 
    from
        book
Hibernate: 
    delete 
    from
        user_load_history
Hibernate: 
    delete 
    from
        user
]]></system-out>
  <system-err><![CDATA[]]></system-err>
</testsuite>
